*** Starting uWSGI 2.0.20 (64bit) on [Thu Oct  7 12:56:13 2021] ***
compiled with version: 9.3.0 on 06 October 2021 15:39:04
os: Linux-5.11.0-37-generic #41~20.04.2-Ubuntu SMP Fri Sep 24 09:06:38 UTC 2021
nodename: Aisu-virtual-machine
machine: x86_64
clock source: unix
pcre jit disabled
detected number of CPU cores: 1
current working directory: /home/aisu/Django_项目/tiantianshengxian
writing pidfile to uwsgi.pid
detected binary path: /home/aisu/.virtualenvs/My_djago/bin/uwsgi
chdir() to /home/aisu/Django_项目/tiantianshengxian
your processes number limit is 31477
your memory page size is 4096 bytes
detected max file descriptor number: 1048576
lock engine: pthread robust mutexes
thunder lock: disabled (you can enable it with --thunder-lock)
uWSGI http bound on 127.0.0.1:8000 fd 4
uwsgi socket 0 bound to TCP address 127.0.0.1:42537 (port auto-assigned) fd 3
Python version: 3.8.10 (default, Sep 28 2021, 16:10:42)  [GCC 9.3.0]
PEP 405 virtualenv detected: /home/aisu/.virtualenvs/My_djago
Set PythonHome to /home/aisu/.virtualenvs/My_djago
Python main interpreter initialized at 0x5624357483e0
python threads support enabled
your server socket listen backlog is limited to 100 connections
your mercy for graceful operations on workers is 60 seconds
mapped 416880 bytes (407 KB) for 8 cores
*** Operational MODE: preforking+threaded ***
WSGI app 0 (mountpoint='') ready in 0 seconds on interpreter 0x5624357483e0 pid: 5917 (default app)
*** uWSGI is running in multiple interpreter mode ***
spawned uWSGI master process (pid: 5917)
spawned uWSGI worker 1 (pid: 5919, cores: 2)
spawned uWSGI worker 2 (pid: 5920, cores: 2)
spawned uWSGI worker 3 (pid: 5921, cores: 2)
spawned uWSGI worker 4 (pid: 5922, cores: 2)
spawned uWSGI http 1 (pid: 5923)
[pid: 5919|app: 0|req: 1/1] 127.0.0.1 () {52 vars in 1071 bytes} [Thu Oct  7 12:56:46 2021] GET /index/ => generated 9399 bytes in 590 msecs (HTTP/1.1 200) 6 headers in 181 bytes (1 switches on core 0)
[pid: 5919|app: 0|req: 2/2] 127.0.0.1 () {52 vars in 1028 bytes} [Thu Oct  7 12:56:47 2021] GET /static/dailyfresh/js/slide.js => generated 179 bytes in 2 msecs (HTTP/1.1 404) 5 headers in 158 bytes (1 switches on core 1)
[pid: 5921|app: 0|req: 1/3] 127.0.0.1 () {50 vars in 973 bytes} [Thu Oct  7 12:56:47 2021] GET /static/dailyfresh/js/slide.js => generated 179 bytes in 337 msecs (HTTP/1.1 404) 5 headers in 158 bytes (1 switches on core 0)
[pid: 5919|app: 0|req: 3/4] 127.0.0.1 () {50 vars in 998 bytes} [Thu Oct  7 12:56:47 2021] GET /favicon.ico => generated 179 bytes in 1 msecs (HTTP/1.1 404) 5 headers in 158 bytes (1 switches on core 1)
[pid: 5922|app: 0|req: 1/5] 127.0.0.1 () {54 vars in 1135 bytes} [Thu Oct  7 12:56:53 2021] GET /user/center/ => generated 8270 bytes in 326 msecs (HTTP/1.1 200) 7 headers in 349 bytes (1 switches on core 0)
[pid: 5919|app: 0|req: 4/6] 127.0.0.1 () {54 vars in 1133 bytes} [Thu Oct  7 12:56:55 2021] GET /detail/4 => generated 9605 bytes in 36 msecs (HTTP/1.1 200) 7 headers in 349 bytes (1 switches on core 1)
[pid: 5921|app: 0|req: 2/7] 127.0.0.1 () {58 vars in 1093 bytes} [Thu Oct  7 12:56:56 2021] POST /cart/add/ => generated 66 bytes in 29 msecs (HTTP/1.1 200) 6 headers in 171 bytes (1 switches on core 1)
[pid: 5922|app: 0|req: 2/8] 127.0.0.1 () {54 vars in 1133 bytes} [Thu Oct  7 12:56:58 2021] GET /cart/show/ => generated 13682 bytes in 26 msecs (HTTP/1.1 200) 7 headers in 350 bytes (1 switches on core 1)
[pid: 5919|app: 0|req: 5/9] 127.0.0.1 () {62 vars in 1276 bytes} [Thu Oct  7 12:57:00 2021] POST /order/place/ => generated 5506 bytes in 17 msecs (HTTP/1.1 200) 7 headers in 349 bytes (1 switches on core 0)
Building prefix dict from the default dictionary ...
Dumping model to file cache /tmp/jieba.cache
Loading model cost 0.844 seconds.
Prefix dict has been built successfully.
[pid: 5919|app: 0|req: 6/10] 127.0.0.1 () {58 vars in 1105 bytes} [Thu Oct  7 12:57:04 2021] POST /order/commit/ => generated 60 bytes in 1001 msecs (HTTP/1.1 200) 6 headers in 171 bytes (1 switches on core 1)
[pid: 5919|app: 0|req: 7/11] 127.0.0.1 () {54 vars in 1143 bytes} [Thu Oct  7 12:57:08 2021] GET /user/order/1/ => generated 6520 bytes in 65 msecs (HTTP/1.1 200) 7 headers in 349 bytes (1 switches on core 0)
[pid: 5919|app: 0|req: 8/12] 127.0.0.1 () {54 vars in 1144 bytes} [Thu Oct  7 12:57:11 2021] GET /user/order/5/ => generated 6522 bytes in 30 msecs (HTTP/1.1 200) 7 headers in 349 bytes (1 switches on core 1)
[pid: 5919|app: 0|req: 9/13] 127.0.0.1 () {58 vars in 1100 bytes} [Thu Oct  7 12:57:12 2021] POST /order/pay/ => generated 810 bytes in 152 msecs (HTTP/1.1 200) 6 headers in 172 bytes (1 switches on core 0)
[pid: 5919|app: 0|req: 11/14] 127.0.0.1 () {56 vars in 1175 bytes} [Thu Oct  7 12:58:40 2021] GET /user/order/5/ => generated 6522 bytes in 34 msecs (HTTP/1.1 200) 7 headers in 349 bytes (1 switches on core 0)
[pid: 5919|app: 0|req: 12/15] 127.0.0.1 () {54 vars in 1142 bytes} [Thu Oct  7 12:58:42 2021] GET /user/center/ => generated 8270 bytes in 28 msecs (HTTP/1.1 200) 7 headers in 349 bytes (1 switches on core 0)
SIGINT/SIGTERM received...killing workers...
gateway "uWSGI http 1" has been buried (pid: 5923)
worker 1 buried after 1 seconds
worker 2 buried after 1 seconds
worker 3 buried after 1 seconds
worker 4 buried after 1 seconds
goodbye to uWSGI.
*** Starting uWSGI 2.0.20 (64bit) on [Thu Oct  7 13:12:53 2021] ***
compiled with version: 9.3.0 on 06 October 2021 15:39:04
os: Linux-5.11.0-37-generic #41~20.04.2-Ubuntu SMP Fri Sep 24 09:06:38 UTC 2021
nodename: Aisu-virtual-machine
machine: x86_64
clock source: unix
pcre jit disabled
detected number of CPU cores: 1
current working directory: /home/aisu/Django_项目/tiantianshengxian
writing pidfile to uwsgi.pid
detected binary path: /home/aisu/.virtualenvs/My_djago/bin/uwsgi
chdir() to /home/aisu/Django_项目/tiantianshengxian
your processes number limit is 31477
your memory page size is 4096 bytes
detected max file descriptor number: 1048576
lock engine: pthread robust mutexes
thunder lock: disabled (you can enable it with --thunder-lock)
uwsgi socket 0 bound to TCP address 127.0.0.1:8000 fd 3
Python version: 3.8.10 (default, Sep 28 2021, 16:10:42)  [GCC 9.3.0]
PEP 405 virtualenv detected: /home/aisu/.virtualenvs/My_djago
Set PythonHome to /home/aisu/.virtualenvs/My_djago
Python main interpreter initialized at 0x56117a550150
python threads support enabled
your server socket listen backlog is limited to 100 connections
your mercy for graceful operations on workers is 60 seconds
mapped 416880 bytes (407 KB) for 8 cores
*** Operational MODE: preforking+threaded ***
WSGI app 0 (mountpoint='') ready in 0 seconds on interpreter 0x56117a550150 pid: 6488 (default app)
*** uWSGI is running in multiple interpreter mode ***
spawned uWSGI master process (pid: 6488)
spawned uWSGI worker 1 (pid: 6490, cores: 2)
spawned uWSGI worker 2 (pid: 6491, cores: 2)
spawned uWSGI worker 3 (pid: 6492, cores: 2)
spawned uWSGI worker 4 (pid: 6493, cores: 2)
SIGINT/SIGTERM received...killing workers...
worker 1 buried after 1 seconds
worker 2 buried after 1 seconds
worker 3 buried after 1 seconds
worker 4 buried after 1 seconds
goodbye to uWSGI.
*** Starting uWSGI 2.0.20 (64bit) on [Thu Oct  7 13:19:57 2021] ***
compiled with version: 9.3.0 on 06 October 2021 15:39:04
os: Linux-5.11.0-37-generic #41~20.04.2-Ubuntu SMP Fri Sep 24 09:06:38 UTC 2021
nodename: Aisu-virtual-machine
machine: x86_64
clock source: unix
pcre jit disabled
detected number of CPU cores: 1
current working directory: /home/aisu/Django_项目/tiantianshengxian
writing pidfile to uwsgi.pid
detected binary path: /home/aisu/.virtualenvs/My_djago/bin/uwsgi
chdir() to /home/aisu/Django_项目/tiantianshengxian
your processes number limit is 31477
your memory page size is 4096 bytes
detected max file descriptor number: 1048576
lock engine: pthread robust mutexes
thunder lock: disabled (you can enable it with --thunder-lock)
uWSGI http bound on 127.0.0.1:8000 fd 4
uwsgi socket 0 bound to TCP address 127.0.0.1:46031 (port auto-assigned) fd 3
Python version: 3.8.10 (default, Sep 28 2021, 16:10:42)  [GCC 9.3.0]
PEP 405 virtualenv detected: /home/aisu/.virtualenvs/My_djago
Set PythonHome to /home/aisu/.virtualenvs/My_djago
Python main interpreter initialized at 0x55f3271e2240
python threads support enabled
your server socket listen backlog is limited to 100 connections
your mercy for graceful operations on workers is 60 seconds
mapped 416880 bytes (407 KB) for 8 cores
*** Operational MODE: preforking+threaded ***
WSGI app 0 (mountpoint='') ready in 0 seconds on interpreter 0x55f3271e2240 pid: 6697 (default app)
*** uWSGI is running in multiple interpreter mode ***
spawned uWSGI master process (pid: 6697)
spawned uWSGI worker 1 (pid: 6699, cores: 2)
spawned uWSGI worker 2 (pid: 6700, cores: 2)
spawned uWSGI worker 3 (pid: 6701, cores: 2)
spawned uWSGI worker 4 (pid: 6702, cores: 2)
spawned uWSGI http 1 (pid: 6703)
[pid: 6699|app: 0|req: 1/1] 127.0.0.1 () {56 vars in 1156 bytes} [Thu Oct  7 13:20:01 2021] GET /index/ => generated 9399 bytes in 386 msecs (HTTP/1.1 200) 6 headers in 181 bytes (1 switches on core 0)
[pid: 6699|app: 0|req: 2/2] 127.0.0.1 () {50 vars in 974 bytes} [Thu Oct  7 13:20:01 2021] GET /static/dailyfresh/js/slide.js => generated 179 bytes in 2 msecs (HTTP/1.1 404) 5 headers in 158 bytes (1 switches on core 1)
SIGINT/SIGTERM received...killing workers...
gateway "uWSGI http 1" has been buried (pid: 6703)
worker 1 buried after 1 seconds
worker 2 buried after 1 seconds
worker 3 buried after 1 seconds
worker 4 buried after 1 seconds
goodbye to uWSGI.
*** Starting uWSGI 2.0.20 (64bit) on [Thu Oct  7 13:27:29 2021] ***
compiled with version: 9.3.0 on 06 October 2021 15:39:04
os: Linux-5.11.0-37-generic #41~20.04.2-Ubuntu SMP Fri Sep 24 09:06:38 UTC 2021
nodename: Aisu-virtual-machine
machine: x86_64
clock source: unix
pcre jit disabled
detected number of CPU cores: 1
current working directory: /home/aisu/Django_项目/tiantianshengxian
writing pidfile to uwsgi.pid
detected binary path: /home/aisu/.virtualenvs/My_djago/bin/uwsgi
chdir() to /home/aisu/Django_项目/tiantianshengxian
your processes number limit is 31477
your memory page size is 4096 bytes
detected max file descriptor number: 1048576
lock engine: pthread robust mutexes
thunder lock: disabled (you can enable it with --thunder-lock)
uwsgi socket 0 bound to TCP address 127.0.0.1:8000 fd 3
Python version: 3.8.10 (default, Sep 28 2021, 16:10:42)  [GCC 9.3.0]
PEP 405 virtualenv detected: /home/aisu/.virtualenvs/My_djago
Set PythonHome to /home/aisu/.virtualenvs/My_djago
Python main interpreter initialized at 0x5562ac991150
python threads support enabled
your server socket listen backlog is limited to 100 connections
your mercy for graceful operations on workers is 60 seconds
mapped 416880 bytes (407 KB) for 8 cores
*** Operational MODE: preforking+threaded ***
WSGI app 0 (mountpoint='') ready in 0 seconds on interpreter 0x5562ac991150 pid: 7341 (default app)
*** uWSGI is running in multiple interpreter mode ***
spawned uWSGI master process (pid: 7341)
spawned uWSGI worker 1 (pid: 7343, cores: 2)
spawned uWSGI worker 2 (pid: 7344, cores: 2)
spawned uWSGI worker 3 (pid: 7345, cores: 2)
spawned uWSGI worker 4 (pid: 7346, cores: 2)
SIGINT/SIGTERM received...killing workers...
worker 1 buried after 1 seconds
worker 2 buried after 1 seconds
worker 3 buried after 1 seconds
worker 4 buried after 1 seconds
goodbye to uWSGI.
*** Starting uWSGI 2.0.20 (64bit) on [Thu Oct  7 13:27:52 2021] ***
compiled with version: 9.3.0 on 06 October 2021 15:39:04
os: Linux-5.11.0-37-generic #41~20.04.2-Ubuntu SMP Fri Sep 24 09:06:38 UTC 2021
nodename: Aisu-virtual-machine
machine: x86_64
clock source: unix
pcre jit disabled
detected number of CPU cores: 1
current working directory: /home/aisu/Django_项目/tiantianshengxian
writing pidfile to uwsgi.pid
detected binary path: /home/aisu/.virtualenvs/My_djago/bin/uwsgi
chdir() to /home/aisu/Django_项目/tiantianshengxian
your processes number limit is 31477
your memory page size is 4096 bytes
detected max file descriptor number: 1048576
lock engine: pthread robust mutexes
thunder lock: disabled (you can enable it with --thunder-lock)
uWSGI http bound on 127.0.0.1:8000 fd 4
uwsgi socket 0 bound to TCP address 127.0.0.1:44763 (port auto-assigned) fd 3
Python version: 3.8.10 (default, Sep 28 2021, 16:10:42)  [GCC 9.3.0]
PEP 405 virtualenv detected: /home/aisu/.virtualenvs/My_djago
Set PythonHome to /home/aisu/.virtualenvs/My_djago
Python main interpreter initialized at 0x5596eb102240
python threads support enabled
your server socket listen backlog is limited to 100 connections
your mercy for graceful operations on workers is 60 seconds
mapped 416880 bytes (407 KB) for 8 cores
*** Operational MODE: preforking+threaded ***
WSGI app 0 (mountpoint='') ready in 0 seconds on interpreter 0x5596eb102240 pid: 7354 (default app)
*** uWSGI is running in multiple interpreter mode ***
spawned uWSGI master process (pid: 7354)
spawned uWSGI worker 1 (pid: 7356, cores: 2)
spawned uWSGI worker 2 (pid: 7357, cores: 2)
spawned uWSGI worker 3 (pid: 7358, cores: 2)
spawned uWSGI worker 4 (pid: 7359, cores: 2)
spawned uWSGI http 1 (pid: 7360)
[pid: 7357|app: 0|req: 1/1] 127.0.0.1 () {52 vars in 969 bytes} [Thu Oct  7 13:27:54 2021] GET /index/ => generated 9390 bytes in 375 msecs (HTTP/1.1 200) 6 headers in 181 bytes (1 switches on core 0)
[pid: 7357|app: 0|req: 2/2] 127.0.0.1 () {48 vars in 859 bytes} [Thu Oct  7 13:27:55 2021] GET /static/dailyfresh/css/reset.css => generated 179 bytes in 2 msecs (HTTP/1.1 404) 5 headers in 158 bytes (1 switches on core 1)
[pid: 7357|app: 0|req: 3/3] 127.0.0.1 () {48 vars in 865 bytes} [Thu Oct  7 13:27:55 2021] GET /static/dailyfresh/js/jquery-1.12.4.min.js => generated 179 bytes in 1 msecs (HTTP/1.1 404) 5 headers in 158 bytes (1 switches on core 1)
[pid: 7357|app: 0|req: 4/4] 127.0.0.1 () {48 vars in 841 bytes} [Thu Oct  7 13:27:55 2021] GET /static/dailyfresh/js/slide.js => generated 179 bytes in 4 msecs (HTTP/1.1 404) 5 headers in 158 bytes (1 switches on core 0)
[pid: 7359|app: 0|req: 2/5] 127.0.0.1 () {48 vars in 857 bytes} [Thu Oct  7 13:27:55 2021] GET /static/dailyfresh/css/main.css => generated 179 bytes in 237 msecs (HTTP/1.1 404) 5 headers in 158 bytes (1 switches on core 0)
[pid: 7357|app: 0|req: 5/6] 127.0.0.1 () {48 vars in 909 bytes} [Thu Oct  7 13:27:55 2021] GET /static/dailyfresh/images/logo.png => generated 179 bytes in 1 msecs (HTTP/1.1 404) 5 headers in 158 bytes (1 switches on core 1)
[pid: 7359|app: 0|req: 2/7] 127.0.0.1 () {48 vars in 857 bytes} [Thu Oct  7 13:27:55 2021] GET /static/dailyfresh/js/jquery-ui.min.js => generated 179 bytes in 224 msecs (HTTP/1.1 404) 5 headers in 158 bytes (1 switches on core 1)
[pid: 7356|app: 0|req: 1/8] 127.0.0.1 () {48 vars in 841 bytes} [Thu Oct  7 13:27:55 2021] GET /static/dailyfresh/js/slide.js => generated 179 bytes in 199 msecs (HTTP/1.1 404) 5 headers in 158 bytes (1 switches on core 0)
SIGINT/SIGTERM received...killing workers...
gateway "uWSGI http 1" has been buried (pid: 7360)
worker 1 buried after 1 seconds
worker 2 buried after 1 seconds
worker 3 buried after 1 seconds
worker 4 buried after 1 seconds
goodbye to uWSGI.
*** Starting uWSGI 2.0.20 (64bit) on [Thu Oct  7 14:04:30 2021] ***
compiled with version: 9.3.0 on 06 October 2021 15:39:04
os: Linux-5.11.0-37-generic #41~20.04.2-Ubuntu SMP Fri Sep 24 09:06:38 UTC 2021
nodename: Aisu-virtual-machine
machine: x86_64
clock source: unix
pcre jit disabled
detected number of CPU cores: 1
current working directory: /home/aisu/Django_项目/tiantianshengxian
writing pidfile to uwsgi.pid
detected binary path: /home/aisu/.virtualenvs/My_djago/bin/uwsgi
chdir() to /home/aisu/Django_项目/tiantianshengxian
your processes number limit is 31477
your memory page size is 4096 bytes
detected max file descriptor number: 1048576
lock engine: pthread robust mutexes
thunder lock: disabled (you can enable it with --thunder-lock)
uwsgi socket 0 bound to TCP address 127.0.0.1:8000 fd 3
Python version: 3.8.10 (default, Sep 28 2021, 16:10:42)  [GCC 9.3.0]
PEP 405 virtualenv detected: /home/aisu/.virtualenvs/My_djago
Set PythonHome to /home/aisu/.virtualenvs/My_djago
Python main interpreter initialized at 0x55a70a05d150
python threads support enabled
your server socket listen backlog is limited to 100 connections
your mercy for graceful operations on workers is 60 seconds
mapped 416880 bytes (407 KB) for 8 cores
*** Operational MODE: preforking+threaded ***
WSGI app 0 (mountpoint='') ready in 1 seconds on interpreter 0x55a70a05d150 pid: 7754 (default app)
*** uWSGI is running in multiple interpreter mode ***
spawned uWSGI master process (pid: 7754)
spawned uWSGI worker 1 (pid: 7757, cores: 2)
spawned uWSGI worker 2 (pid: 7758, cores: 2)
spawned uWSGI worker 3 (pid: 7759, cores: 2)
spawned uWSGI worker 4 (pid: 7760, cores: 2)
[pid: 7760|app: 0|req: 1/1] 127.0.0.1 () {54 vars in 969 bytes} [Thu Oct  7 14:04:36 2021] GET / => generated 179 bytes in 220 msecs (HTTP/1.1 404) 5 headers in 158 bytes (1 switches on core 0)
[pid: 7760|app: 0|req: 2/2] 127.0.0.1 () {52 vars in 896 bytes} [Thu Oct  7 14:04:37 2021] GET /favicon.ico => generated 179 bytes in 1 msecs (HTTP/1.1 404) 5 headers in 158 bytes (1 switches on core 1)
SIGINT/SIGTERM received...killing workers...
worker 1 buried after 1 seconds
worker 2 buried after 1 seconds
worker 3 buried after 1 seconds
worker 4 buried after 1 seconds
goodbye to uWSGI.
*** Starting uWSGI 2.0.20 (64bit) on [Thu Oct  7 14:05:55 2021] ***
compiled with version: 9.3.0 on 06 October 2021 15:39:04
os: Linux-5.11.0-37-generic #41~20.04.2-Ubuntu SMP Fri Sep 24 09:06:38 UTC 2021
nodename: Aisu-virtual-machine
machine: x86_64
clock source: unix
pcre jit disabled
detected number of CPU cores: 1
current working directory: /home/aisu/Django_项目/tiantianshengxian
writing pidfile to uwsgi.pid
detected binary path: /home/aisu/.virtualenvs/My_djago/bin/uwsgi
chdir() to /home/aisu/Django_项目/tiantianshengxian
your processes number limit is 31477
your memory page size is 4096 bytes
detected max file descriptor number: 1048576
lock engine: pthread robust mutexes
thunder lock: disabled (you can enable it with --thunder-lock)
uwsgi socket 0 bound to TCP address 127.0.0.1:8080 fd 3
Python version: 3.8.10 (default, Sep 28 2021, 16:10:42)  [GCC 9.3.0]
PEP 405 virtualenv detected: /home/aisu/.virtualenvs/My_djago
Set PythonHome to /home/aisu/.virtualenvs/My_djago
Python main interpreter initialized at 0x564b1f1ad150
python threads support enabled
your server socket listen backlog is limited to 100 connections
your mercy for graceful operations on workers is 60 seconds
mapped 416880 bytes (407 KB) for 8 cores
*** Operational MODE: preforking+threaded ***
WSGI app 0 (mountpoint='') ready in 0 seconds on interpreter 0x564b1f1ad150 pid: 7790 (default app)
*** uWSGI is running in multiple interpreter mode ***
spawned uWSGI master process (pid: 7790)
spawned uWSGI worker 1 (pid: 7792, cores: 2)
spawned uWSGI worker 2 (pid: 7793, cores: 2)
spawned uWSGI worker 3 (pid: 7794, cores: 2)
spawned uWSGI worker 4 (pid: 7795, cores: 2)
[pid: 7792|app: 0|req: 1/1] 127.0.0.1 () {56 vars in 1000 bytes} [Thu Oct  7 14:12:17 2021] GET / => generated 179 bytes in 230 msecs (HTTP/1.1 404) 5 headers in 158 bytes (1 switches on core 0)
[pid: 7792|app: 0|req: 2/2] 127.0.0.1 () {56 vars in 1000 bytes} [Thu Oct  7 14:16:15 2021] GET / => generated 179 bytes in 2 msecs (HTTP/1.1 404) 5 headers in 158 bytes (1 switches on core 1)
[pid: 7792|app: 0|req: 3/3] 127.0.0.1 () {56 vars in 1000 bytes} [Thu Oct  7 14:16:16 2021] GET / => generated 179 bytes in 1 msecs (HTTP/1.1 404) 5 headers in 158 bytes (1 switches on core 0)
[pid: 7794|app: 0|req: 1/4] 127.0.0.1 () {58 vars in 1022 bytes} [Thu Oct  7 14:16:24 2021] GET / => generated 179 bytes in 328 msecs (HTTP/1.1 404) 5 headers in 158 bytes (1 switches on core 0)
SIGINT/SIGTERM received...killing workers...
worker 1 buried after 1 seconds
worker 2 buried after 1 seconds
worker 3 buried after 1 seconds
worker 4 buried after 1 seconds
goodbye to uWSGI.
*** Starting uWSGI 2.0.20 (64bit) on [Thu Oct  7 14:21:32 2021] ***
compiled with version: 9.3.0 on 06 October 2021 15:39:04
os: Linux-5.11.0-37-generic #41~20.04.2-Ubuntu SMP Fri Sep 24 09:06:38 UTC 2021
nodename: Aisu-virtual-machine
machine: x86_64
clock source: unix
pcre jit disabled
detected number of CPU cores: 1
current working directory: /home/aisu/Django_项目/tiantianshengxian
writing pidfile to uwsgi.pid
detected binary path: /home/aisu/.virtualenvs/My_djago/bin/uwsgi
chdir() to /home/aisu/Django_项目/tiantianshengxian
your processes number limit is 31477
your memory page size is 4096 bytes
detected max file descriptor number: 1048576
lock engine: pthread robust mutexes
thunder lock: disabled (you can enable it with --thunder-lock)
uwsgi socket 0 bound to TCP address 127.0.0.1:8080 fd 3
Python version: 3.8.10 (default, Sep 28 2021, 16:10:42)  [GCC 9.3.0]
PEP 405 virtualenv detected: /home/aisu/.virtualenvs/My_djago
Set PythonHome to /home/aisu/.virtualenvs/My_djago
Python main interpreter initialized at 0x562dc9b4b150
python threads support enabled
your server socket listen backlog is limited to 100 connections
your mercy for graceful operations on workers is 60 seconds
mapped 416880 bytes (407 KB) for 8 cores
*** Operational MODE: preforking+threaded ***
WSGI app 0 (mountpoint='') ready in 1 seconds on interpreter 0x562dc9b4b150 pid: 8391 (default app)
*** uWSGI is running in multiple interpreter mode ***
spawned uWSGI master process (pid: 8391)
spawned uWSGI worker 1 (pid: 8393, cores: 2)
spawned uWSGI worker 2 (pid: 8394, cores: 2)
spawned uWSGI worker 3 (pid: 8395, cores: 2)
spawned uWSGI worker 4 (pid: 8396, cores: 2)
[pid: 8393|app: 0|req: 1/1] 127.0.0.1 () {58 vars in 1032 bytes} [Thu Oct  7 14:24:03 2021] GET /uwsgi => generated 179 bytes in 275 msecs (HTTP/1.1 404) 5 headers in 158 bytes (1 switches on core 0)
SIGINT/SIGTERM received...killing workers...
worker 1 buried after 1 seconds
worker 2 buried after 1 seconds
worker 3 buried after 1 seconds
worker 4 buried after 1 seconds
goodbye to uWSGI.
*** Starting uWSGI 2.0.20 (64bit) on [Thu Oct  7 14:24:39 2021] ***
compiled with version: 9.3.0 on 06 October 2021 15:39:04
os: Linux-5.11.0-37-generic #41~20.04.2-Ubuntu SMP Fri Sep 24 09:06:38 UTC 2021
nodename: Aisu-virtual-machine
machine: x86_64
clock source: unix
pcre jit disabled
detected number of CPU cores: 1
current working directory: /home/aisu/Django_项目/tiantianshengxian
writing pidfile to uwsgi.pid
detected binary path: /home/aisu/.virtualenvs/My_djago/bin/uwsgi
chdir() to /home/aisu/Django_项目/tiantianshengxian
your processes number limit is 31477
your memory page size is 4096 bytes
detected max file descriptor number: 1048576
lock engine: pthread robust mutexes
thunder lock: disabled (you can enable it with --thunder-lock)
uwsgi socket 0 bound to TCP address 127.0.0.1:5000 fd 3
Python version: 3.8.10 (default, Sep 28 2021, 16:10:42)  [GCC 9.3.0]
PEP 405 virtualenv detected: /home/aisu/.virtualenvs/My_djago
Set PythonHome to /home/aisu/.virtualenvs/My_djago
Python main interpreter initialized at 0x5647df624150
python threads support enabled
your server socket listen backlog is limited to 100 connections
your mercy for graceful operations on workers is 60 seconds
mapped 416880 bytes (407 KB) for 8 cores
*** Operational MODE: preforking+threaded ***
WSGI app 0 (mountpoint='') ready in 0 seconds on interpreter 0x5647df624150 pid: 8452 (default app)
*** uWSGI is running in multiple interpreter mode ***
spawned uWSGI master process (pid: 8452)
spawned uWSGI worker 1 (pid: 8454, cores: 2)
spawned uWSGI worker 2 (pid: 8455, cores: 2)
spawned uWSGI worker 3 (pid: 8456, cores: 2)
spawned uWSGI worker 4 (pid: 8457, cores: 2)
invalid request block size: 21573 (max 4096)...skip
invalid request block size: 21573 (max 4096)...skip
invalid request block size: 21573 (max 4096)...skip
invalid request block size: 21573 (max 4096)...skip
invalid request block size: 21573 (max 4096)...skip
invalid request block size: 21573 (max 4096)...skip
invalid request block size: 21573 (max 4096)...skip
invalid request block size: 21573 (max 4096)...skip
invalid request block size: 21573 (max 4096)...skip
SIGINT/SIGTERM received...killing workers...
worker 1 buried after 1 seconds
worker 2 buried after 1 seconds
worker 3 buried after 1 seconds
worker 4 buried after 1 seconds
goodbye to uWSGI.
*** Starting uWSGI 2.0.20 (64bit) on [Thu Oct  7 14:27:30 2021] ***
compiled with version: 9.3.0 on 06 October 2021 15:39:04
os: Linux-5.11.0-37-generic #41~20.04.2-Ubuntu SMP Fri Sep 24 09:06:38 UTC 2021
nodename: Aisu-virtual-machine
machine: x86_64
clock source: unix
pcre jit disabled
detected number of CPU cores: 1
current working directory: /home/aisu/Django_项目/tiantianshengxian
writing pidfile to uwsgi.pid
detected binary path: /home/aisu/.virtualenvs/My_djago/bin/uwsgi
chdir() to /home/aisu/Django_项目/tiantianshengxian
your processes number limit is 31477
your memory page size is 4096 bytes
detected max file descriptor number: 1048576
lock engine: pthread robust mutexes
thunder lock: disabled (you can enable it with --thunder-lock)
uwsgi socket 0 bound to TCP address 127.0.0.1:5000 fd 3
Python version: 3.8.10 (default, Sep 28 2021, 16:10:42)  [GCC 9.3.0]
PEP 405 virtualenv detected: /home/aisu/.virtualenvs/My_djago
Set PythonHome to /home/aisu/.virtualenvs/My_djago
Python main interpreter initialized at 0x555f4331d150
python threads support enabled
your server socket listen backlog is limited to 100 connections
your mercy for graceful operations on workers is 60 seconds
mapped 416880 bytes (407 KB) for 8 cores
*** Operational MODE: preforking+threaded ***
WSGI app 0 (mountpoint='') ready in 0 seconds on interpreter 0x555f4331d150 pid: 8560 (default app)
*** uWSGI is running in multiple interpreter mode ***
spawned uWSGI master process (pid: 8560)
spawned uWSGI worker 1 (pid: 8562, cores: 2)
spawned uWSGI worker 2 (pid: 8563, cores: 2)
spawned uWSGI worker 3 (pid: 8564, cores: 2)
spawned uWSGI worker 4 (pid: 8565, cores: 2)
invalid request block size: 21573 (max 4096)...skip
invalid request block size: 21573 (max 4096)...skip
invalid request block size: 21573 (max 4096)...skip
invalid request block size: 21573 (max 4096)...skip
[pid: 8564|app: 0|req: 1/1] 127.0.0.1 () {54 vars in 979 bytes} [Thu Oct  7 14:27:56 2021] GET /uwsgi => generated 179 bytes in 223 msecs (HTTP/1.1 404) 5 headers in 158 bytes (1 switches on core 0)
SIGINT/SIGTERM received...killing workers...
worker 1 buried after 1 seconds
worker 2 buried after 1 seconds
worker 3 buried after 1 seconds
worker 4 buried after 1 seconds
goodbye to uWSGI.
*** Starting uWSGI 2.0.20 (64bit) on [Thu Oct  7 14:34:07 2021] ***
compiled with version: 9.3.0 on 06 October 2021 15:39:04
os: Linux-5.11.0-37-generic #41~20.04.2-Ubuntu SMP Fri Sep 24 09:06:38 UTC 2021
nodename: Aisu-virtual-machine
machine: x86_64
clock source: unix
pcre jit disabled
detected number of CPU cores: 1
current working directory: /home/aisu/Django_项目/tiantianshengxian
writing pidfile to uwsgi.pid
detected binary path: /home/aisu/.virtualenvs/My_djago/bin/uwsgi
chdir() to /home/aisu/Django_项目/tiantianshengxian
your processes number limit is 31477
your memory page size is 4096 bytes
detected max file descriptor number: 1048576
lock engine: pthread robust mutexes
thunder lock: disabled (you can enable it with --thunder-lock)
uwsgi socket 0 bound to TCP address 127.0.0.1:5000 fd 3
Python version: 3.8.10 (default, Sep 28 2021, 16:10:42)  [GCC 9.3.0]
PEP 405 virtualenv detected: /home/aisu/.virtualenvs/My_djago
Set PythonHome to /home/aisu/.virtualenvs/My_djago
Python main interpreter initialized at 0x55d0451ae150
python threads support enabled
your server socket listen backlog is limited to 100 connections
your mercy for graceful operations on workers is 60 seconds
mapped 416880 bytes (407 KB) for 8 cores
*** Operational MODE: preforking+threaded ***
WSGI app 0 (mountpoint='') ready in 0 seconds on interpreter 0x55d0451ae150 pid: 8744 (default app)
*** uWSGI is running in multiple interpreter mode ***
spawned uWSGI master process (pid: 8744)
spawned uWSGI worker 1 (pid: 8746, cores: 2)
spawned uWSGI worker 2 (pid: 8747, cores: 2)
spawned uWSGI worker 3 (pid: 8748, cores: 2)
spawned uWSGI worker 4 (pid: 8749, cores: 2)
[pid: 8747|app: 0|req: 1/1] 127.0.0.1 () {56 vars in 1010 bytes} [Thu Oct  7 14:34:09 2021] GET /uwsgi => generated 179 bytes in 238 msecs (HTTP/1.1 404) 5 headers in 158 bytes (1 switches on core 0)
[pid: 8747|app: 0|req: 2/2] 127.0.0.1 () {54 vars in 993 bytes} [Thu Oct  7 14:34:35 2021] GET /uwsgi/index/ => generated 179 bytes in 1 msecs (HTTP/1.1 404) 5 headers in 158 bytes (1 switches on core 1)
[pid: 8749|app: 0|req: 1/3] 127.0.0.1 () {58 vars in 1046 bytes} [Thu Oct  7 14:34:48 2021] GET /uwsgi/index/ => generated 179 bytes in 315 msecs (HTTP/1.1 404) 5 headers in 158 bytes (1 switches on core 0)
SIGINT/SIGTERM received...killing workers...
worker 1 buried after 1 seconds
worker 2 buried after 1 seconds
worker 3 buried after 1 seconds
worker 4 buried after 1 seconds
goodbye to uWSGI.
*** Starting uWSGI 2.0.20 (64bit) on [Thu Oct  7 14:37:20 2021] ***
compiled with version: 9.3.0 on 06 October 2021 15:39:04
os: Linux-5.11.0-37-generic #41~20.04.2-Ubuntu SMP Fri Sep 24 09:06:38 UTC 2021
nodename: Aisu-virtual-machine
machine: x86_64
clock source: unix
pcre jit disabled
detected number of CPU cores: 1
current working directory: /home/aisu/Django_项目/tiantianshengxian
writing pidfile to uwsgi.pid
detected binary path: /home/aisu/.virtualenvs/My_djago/bin/uwsgi
chdir() to /home/aisu/Django_项目/tiantianshengxian
your processes number limit is 31477
your memory page size is 4096 bytes
detected max file descriptor number: 1048576
lock engine: pthread robust mutexes
thunder lock: disabled (you can enable it with --thunder-lock)
uwsgi socket 0 bound to TCP address 127.0.0.1:8080 fd 3
Python version: 3.8.10 (default, Sep 28 2021, 16:10:42)  [GCC 9.3.0]
PEP 405 virtualenv detected: /home/aisu/.virtualenvs/My_djago
Set PythonHome to /home/aisu/.virtualenvs/My_djago
Python main interpreter initialized at 0x564232944150
python threads support enabled
your server socket listen backlog is limited to 100 connections
your mercy for graceful operations on workers is 60 seconds
mapped 416880 bytes (407 KB) for 8 cores
*** Operational MODE: preforking+threaded ***
WSGI app 0 (mountpoint='') ready in 1 seconds on interpreter 0x564232944150 pid: 8831 (default app)
*** uWSGI is running in multiple interpreter mode ***
spawned uWSGI master process (pid: 8831)
spawned uWSGI worker 1 (pid: 8833, cores: 2)
spawned uWSGI worker 2 (pid: 8834, cores: 2)
spawned uWSGI worker 3 (pid: 8835, cores: 2)
spawned uWSGI worker 4 (pid: 8836, cores: 2)
[pid: 8835|app: 0|req: 1/1] 127.0.0.1 () {58 vars in 1034 bytes} [Thu Oct  7 14:37:55 2021] GET /index/ => generated 9390 bytes in 427 msecs (HTTP/1.1 200) 6 headers in 181 bytes (1 switches on core 0)
[pid: 8835|app: 0|req: 2/2] 127.0.0.1 () {56 vars in 949 bytes} [Thu Oct  7 14:37:56 2021] GET /static/dailyfresh/css/reset.css => generated 179 bytes in 2 msecs (HTTP/1.1 404) 5 headers in 158 bytes (1 switches on core 1)
[pid: 8836|app: 0|req: 2/3] 127.0.0.1 () {56 vars in 947 bytes} [Thu Oct  7 14:37:56 2021] GET /static/dailyfresh/css/main.css => generated 179 bytes in 598 msecs (HTTP/1.1 404) 5 headers in 158 bytes (1 switches on core 0)
[pid: 8836|app: 0|req: 2/4] 127.0.0.1 () {56 vars in 931 bytes} [Thu Oct  7 14:37:56 2021] GET /static/dailyfresh/js/slide.js => generated 179 bytes in 572 msecs (HTTP/1.1 404) 5 headers in 158 bytes (1 switches on core 1)
[pid: 8833|app: 0|req: 2/5] 127.0.0.1 () {56 vars in 955 bytes} [Thu Oct  7 14:37:56 2021] GET /static/dailyfresh/js/jquery-1.12.4.min.js => generated 179 bytes in 590 msecs (HTTP/1.1 404) 5 headers in 158 bytes (1 switches on core 0)
[pid: 8833|app: 0|req: 2/6] 127.0.0.1 () {56 vars in 947 bytes} [Thu Oct  7 14:37:56 2021] GET /static/dailyfresh/js/jquery-ui.min.js => generated 179 bytes in 583 msecs (HTTP/1.1 404) 5 headers in 158 bytes (1 switches on core 1)
[pid: 8835|app: 0|req: 3/7] 127.0.0.1 () {56 vars in 947 bytes} [Thu Oct  7 14:37:56 2021] GET /static/dailyfresh/js/jquery-ui.min.js => generated 179 bytes in 1 msecs (HTTP/1.1 404) 5 headers in 158 bytes (1 switches on core 1)
[pid: 8834|app: 0|req: 2/8] 127.0.0.1 () {56 vars in 999 bytes} [Thu Oct  7 14:37:56 2021] GET /static/dailyfresh/images/logo.png => generated 179 bytes in 291 msecs (HTTP/1.1 404) 5 headers in 158 bytes (1 switches on core 0)
[pid: 8834|app: 0|req: 2/9] 127.0.0.1 () {56 vars in 931 bytes} [Thu Oct  7 14:37:56 2021] GET /static/dailyfresh/js/slide.js => generated 179 bytes in 256 msecs (HTTP/1.1 404) 5 headers in 158 bytes (1 switches on core 1)
[pid: 8833|app: 0|req: 3/10] 127.0.0.1 () {56 vars in 1012 bytes} [Thu Oct  7 14:43:03 2021] GET /index/ => generated 9390 bytes in 153 msecs (HTTP/1.1 200) 6 headers in 181 bytes (1 switches on core 0)
[pid: 8833|app: 0|req: 4/11] 127.0.0.1 () {56 vars in 1039 bytes} [Thu Oct  7 14:43:06 2021] GET /user/center/ => generated 0 bytes in 15 msecs (HTTP/1.1 302) 7 headers in 224 bytes (1 switches on core 1)
[pid: 8836|app: 0|req: 3/12] 127.0.0.1 () {56 vars in 1074 bytes} [Thu Oct  7 14:43:06 2021] GET /user/login/?next=/user/center/ => generated 2237 bytes in 9 msecs (HTTP/1.1 200) 7 headers in 349 bytes (1 switches on core 0)
[pid: 8836|app: 0|req: 4/13] 127.0.0.1 () {56 vars in 1070 bytes} [Thu Oct  7 14:43:08 2021] GET /index/ => generated 9390 bytes in 184 msecs (HTTP/1.1 200) 6 headers in 181 bytes (1 switches on core 1)
[pid: 8833|app: 0|req: 5/14] 127.0.0.1 () {60 vars in 1123 bytes} [Thu Oct  7 14:45:29 2021] GET /index/ => generated 9390 bytes in 47 msecs (HTTP/1.1 200) 6 headers in 181 bytes (1 switches on core 0)
SIGINT/SIGTERM received...killing workers...
worker 1 buried after 1 seconds
worker 2 buried after 1 seconds
worker 3 buried after 1 seconds
worker 4 buried after 1 seconds
goodbye to uWSGI.
*** Starting uWSGI 2.0.20 (64bit) on [Thu Oct  7 15:06:08 2021] ***
compiled with version: 9.3.0 on 06 October 2021 15:39:04
os: Linux-5.11.0-37-generic #41~20.04.2-Ubuntu SMP Fri Sep 24 09:06:38 UTC 2021
nodename: Aisu-virtual-machine
machine: x86_64
clock source: unix
pcre jit disabled
detected number of CPU cores: 1
current working directory: /home/aisu/Django_项目/tiantianshengxian
writing pidfile to uwsgi.pid
detected binary path: /home/aisu/.virtualenvs/My_djago/bin/uwsgi
chdir() to /home/aisu/Django_项目/tiantianshengxian
your processes number limit is 31477
your memory page size is 4096 bytes
detected max file descriptor number: 1048576
lock engine: pthread robust mutexes
thunder lock: disabled (you can enable it with --thunder-lock)
uwsgi socket 0 bound to TCP address 127.0.0.1:8080 fd 3
Python version: 3.8.10 (default, Sep 28 2021, 16:10:42)  [GCC 9.3.0]
PEP 405 virtualenv detected: /home/aisu/.virtualenvs/My_djago
Set PythonHome to /home/aisu/.virtualenvs/My_djago
Python main interpreter initialized at 0x5575f7da0150
python threads support enabled
your server socket listen backlog is limited to 100 connections
your mercy for graceful operations on workers is 60 seconds
mapped 416880 bytes (407 KB) for 8 cores
*** Operational MODE: preforking+threaded ***
WSGI app 0 (mountpoint='') ready in 0 seconds on interpreter 0x5575f7da0150 pid: 9495 (default app)
*** uWSGI is running in multiple interpreter mode ***
spawned uWSGI master process (pid: 9495)
spawned uWSGI worker 1 (pid: 9497, cores: 2)
spawned uWSGI worker 2 (pid: 9498, cores: 2)
spawned uWSGI worker 3 (pid: 9499, cores: 2)
spawned uWSGI worker 4 (pid: 9500, cores: 2)
[pid: 9499|app: 0|req: 1/1] 127.0.0.1 () {56 vars in 1070 bytes} [Thu Oct  7 15:06:30 2021] GET /index/ => generated 9384 bytes in 339 msecs (HTTP/1.1 200) 6 headers in 181 bytes (1 switches on core 0)
[pid: 9499|app: 0|req: 2/2] 127.0.0.1 () {54 vars in 991 bytes} [Thu Oct  7 15:06:30 2021] GET /favicon.ico => generated 179 bytes in 2 msecs (HTTP/1.1 404) 5 headers in 158 bytes (1 switches on core 1)
[pid: 9497|app: 0|req: 1/3] 127.0.0.1 () {58 vars in 1126 bytes} [Thu Oct  7 15:06:37 2021] GET /user/login/ => generated 2232 bytes in 267 msecs (HTTP/1.1 200) 7 headers in 349 bytes (1 switches on core 0)
[pid: 9497|app: 0|req: 2/4] 127.0.0.1 () {66 vars in 1310 bytes} [Thu Oct  7 15:06:46 2021] POST /user/login/ => generated 0 bytes in 1055 msecs (HTTP/1.1 302) 10 headers in 597 bytes (1 switches on core 1)
[pid: 9499|app: 0|req: 3/5] 127.0.0.1 () {60 vars in 1196 bytes} [Thu Oct  7 15:06:47 2021] GET /index/ => generated 9393 bytes in 53 msecs (HTTP/1.1 200) 6 headers in 181 bytes (1 switches on core 1)
[pid: 9497|app: 0|req: 3/6] 127.0.0.1 () {58 vars in 1172 bytes} [Thu Oct  7 15:06:50 2021] GET /user/center/ => generated 8270 bytes in 99 msecs (HTTP/1.1 200) 7 headers in 349 bytes (1 switches on core 0)
[pid: 9497|app: 0|req: 4/7] 127.0.0.1 () {58 vars in 1170 bytes} [Thu Oct  7 15:06:53 2021] GET /detail/4 => generated 9599 bytes in 34 msecs (HTTP/1.1 200) 7 headers in 349 bytes (1 switches on core 1)
[pid: 9497|app: 0|req: 5/8] 127.0.0.1 () {58 vars in 1177 bytes} [Thu Oct  7 15:06:54 2021] GET /list/2/1?sort= => generated 5302 bytes in 29 msecs (HTTP/1.1 200) 6 headers in 181 bytes (1 switches on core 0)
[pid: 9497|app: 0|req: 6/9] 127.0.0.1 () {58 vars in 1168 bytes} [Thu Oct  7 15:06:55 2021] GET /index/ => generated 9393 bytes in 52 msecs (HTTP/1.1 200) 6 headers in 181 bytes (1 switches on core 1)
[pid: 9497|app: 0|req: 7/10] 127.0.0.1 () {58 vars in 1174 bytes} [Thu Oct  7 15:06:57 2021] GET /user/order/1/ => generated 6520 bytes in 55 msecs (HTTP/1.1 200) 7 headers in 349 bytes (1 switches on core 0)
[pid: 9497|app: 0|req: 8/11] 127.0.0.1 () {58 vars in 1181 bytes} [Thu Oct  7 15:06:59 2021] GET /user/order/4/ => generated 6520 bytes in 32 msecs (HTTP/1.1 200) 7 headers in 349 bytes (1 switches on core 1)
[pid: 9497|app: 0|req: 9/12] 127.0.0.1 () {58 vars in 1181 bytes} [Thu Oct  7 15:07:01 2021] GET /user/order/6/ => generated 6523 bytes in 33 msecs (HTTP/1.1 200) 7 headers in 349 bytes (1 switches on core 0)
[pid: 9497|app: 0|req: 10/13] 127.0.0.1 () {62 vars in 1193 bytes} [Thu Oct  7 15:07:02 2021] POST /order/pay/ => generated 815 bytes in 135 msecs (HTTP/1.1 200) 6 headers in 172 bytes (1 switches on core 1)
[pid: 9497|app: 0|req: 11/14] 127.0.0.1 () {62 vars in 1197 bytes} [Thu Oct  7 15:07:02 2021] POST /order/check/ => generated 48 bytes in 32082 msecs (HTTP/1.1 200) 6 headers in 171 bytes (1 switches on core 0)
[pid: 9497|app: 0|req: 13/15] 127.0.0.1 () {58 vars in 1187 bytes} [Thu Oct  7 15:07:34 2021] GET /user/order/6/ => generated 6523 bytes in 52 msecs (HTTP/1.1 200) 7 headers in 349 bytes (1 switches on core 1)
[pid: 9497|app: 0|req: 13/16] 127.0.0.1 () {56 vars in 1156 bytes} [Thu Oct  7 15:07:34 2021] GET /user/order/6/ => generated 6523 bytes in 53 msecs (HTTP/1.1 200) 7 headers in 349 bytes (1 switches on core 0)
[pid: 9497|app: 0|req: 14/17] 127.0.0.1 () {58 vars in 1175 bytes} [Thu Oct  7 15:08:33 2021] GET /cart/show/ => generated 12986 bytes in 12 msecs (HTTP/1.1 200) 7 headers in 350 bytes (1 switches on core 1)
[pid: 9497|app: 0|req: 15/18] 127.0.0.1 () {58 vars in 1176 bytes} [Thu Oct  7 15:08:35 2021] GET /user/center/ => generated 8270 bytes in 26 msecs (HTTP/1.1 200) 7 headers in 349 bytes (1 switches on core 0)
[pid: 9497|app: 0|req: 16/19] 127.0.0.1 () {58 vars in 1172 bytes} [Thu Oct  7 15:08:36 2021] GET /detail/11 => generated 9793 bytes in 38 msecs (HTTP/1.1 200) 7 headers in 349 bytes (1 switches on core 1)
[pid: 9497|app: 0|req: 17/20] 127.0.0.1 () {62 vars in 1187 bytes} [Thu Oct  7 15:08:41 2021] POST /cart/add/ => generated 66 bytes in 14 msecs (HTTP/1.1 200) 6 headers in 171 bytes (1 switches on core 0)
[pid: 9497|app: 0|req: 18/21] 127.0.0.1 () {58 vars in 1171 bytes} [Thu Oct  7 15:08:42 2021] GET /cart/show/ => generated 13678 bytes in 14 msecs (HTTP/1.1 200) 7 headers in 350 bytes (1 switches on core 1)
SIGINT/SIGTERM received...killing workers...
worker 1 buried after 1 seconds
worker 2 buried after 1 seconds
worker 3 buried after 1 seconds
worker 4 buried after 1 seconds
goodbye to uWSGI.
*** Starting uWSGI 2.0.20 (64bit) on [Thu Oct  7 15:44:00 2021] ***
compiled with version: 9.3.0 on 06 October 2021 15:39:04
os: Linux-5.11.0-37-generic #41~20.04.2-Ubuntu SMP Fri Sep 24 09:06:38 UTC 2021
nodename: Aisu-virtual-machine
machine: x86_64
clock source: unix
pcre jit disabled
detected number of CPU cores: 1
current working directory: /home/aisu/Django_项目/tiantianshengxian
writing pidfile to uwsgi.pid
detected binary path: /home/aisu/.virtualenvs/My_djago/bin/uwsgi
chdir() to /home/aisu/Django_项目/tiantianshengxian
your processes number limit is 31477
your memory page size is 4096 bytes
detected max file descriptor number: 1048576
lock engine: pthread robust mutexes
thunder lock: disabled (you can enable it with --thunder-lock)
uwsgi socket 0 bound to TCP address 127.0.0.1:8080 fd 3
Python version: 3.8.10 (default, Sep 28 2021, 16:10:42)  [GCC 9.3.0]
PEP 405 virtualenv detected: /home/aisu/.virtualenvs/My_djago
Set PythonHome to /home/aisu/.virtualenvs/My_djago
Python main interpreter initialized at 0x5556d92d0150
python threads support enabled
your server socket listen backlog is limited to 100 connections
your mercy for graceful operations on workers is 60 seconds
mapped 416880 bytes (407 KB) for 8 cores
*** Operational MODE: preforking+threaded ***
WSGI app 0 (mountpoint='') ready in 1 seconds on interpreter 0x5556d92d0150 pid: 10399 (default app)
*** uWSGI is running in multiple interpreter mode ***
spawned uWSGI master process (pid: 10399)
spawned uWSGI worker 1 (pid: 10401, cores: 2)
spawned uWSGI worker 2 (pid: 10402, cores: 2)
spawned uWSGI worker 3 (pid: 10403, cores: 2)
spawned uWSGI worker 4 (pid: 10404, cores: 2)
[pid: 10403|app: 0|req: 1/1] 127.0.0.1 () {58 vars in 1176 bytes} [Thu Oct  7 15:44:04 2021] GET /user/center/ => generated 8270 bytes in 319 msecs (HTTP/1.1 200) 7 headers in 349 bytes (1 switches on core 0)
[pid: 10403|app: 0|req: 2/2] 127.0.0.1 () {56 vars in 1114 bytes} [Thu Oct  7 15:44:11 2021] GET /index/ => generated 9393 bytes in 94 msecs (HTTP/1.1 200) 6 headers in 181 bytes (1 switches on core 1)
[pid: 10401|app: 0|req: 1/3] 127.0.0.1 () {58 vars in 1143 bytes} [Thu Oct  7 16:10:58 2021] GET / => generated 179 bytes in 332 msecs (HTTP/1.1 404) 5 headers in 158 bytes (1 switches on core 0)
[pid: 10401|app: 0|req: 2/4] 127.0.0.1 () {58 vars in 1143 bytes} [Thu Oct  7 16:11:00 2021] GET / => generated 179 bytes in 1 msecs (HTTP/1.1 404) 5 headers in 158 bytes (1 switches on core 1)
[pid: 10402|app: 0|req: 1/5] 127.0.0.1 () {58 vars in 1143 bytes} [Thu Oct  7 16:11:01 2021] GET / => generated 179 bytes in 229 msecs (HTTP/1.1 404) 5 headers in 158 bytes (1 switches on core 0)
[pid: 10401|app: 0|req: 3/6] 127.0.0.1 () {56 vars in 1112 bytes} [Thu Oct  7 16:11:16 2021] GET /index => generated 0 bytes in 0 msecs (HTTP/1.1 301) 5 headers in 175 bytes (1 switches on core 1)
[pid: 10403|app: 0|req: 3/7] 127.0.0.1 () {56 vars in 1114 bytes} [Thu Oct  7 16:11:16 2021] GET /index/ => generated 9393 bytes in 56 msecs (HTTP/1.1 200) 6 headers in 181 bytes (1 switches on core 0)
[pid: 10401|app: 0|req: 4/8] 127.0.0.1 () {56 vars in 1012 bytes} [Thu Oct  7 16:12:45 2021] GET /index/ => generated 9384 bytes in 178 msecs (HTTP/1.1 200) 6 headers in 181 bytes (1 switches on core 1)
[pid: 10403|app: 0|req: 4/9] 127.0.0.1 () {56 vars in 1012 bytes} [Thu Oct  7 16:14:10 2021] GET /index/ => generated 9384 bytes in 53 msecs (HTTP/1.1 200) 6 headers in 181 bytes (1 switches on core 1)
[pid: 10402|app: 0|req: 2/10] 127.0.0.1 () {54 vars in 979 bytes} [Thu Oct  7 16:14:15 2021] GET / => generated 179 bytes in 1 msecs (HTTP/1.1 404) 5 headers in 158 bytes (1 switches on core 1)
[pid: 10401|app: 0|req: 5/11] 127.0.0.1 () {58 vars in 1032 bytes} [Thu Oct  7 16:18:18 2021] GET / => generated 179 bytes in 1 msecs (HTTP/1.1 404) 5 headers in 158 bytes (1 switches on core 0)
[pid: 10401|app: 0|req: 6/12] 127.0.0.1 () {58 vars in 1032 bytes} [Thu Oct  7 16:20:06 2021] GET / => generated 179 bytes in 1 msecs (HTTP/1.1 404) 5 headers in 158 bytes (1 switches on core 1)
[pid: 10401|app: 0|req: 7/13] 127.0.0.1 () {58 vars in 1032 bytes} [Thu Oct  7 16:22:24 2021] GET / => generated 179 bytes in 1 msecs (HTTP/1.1 404) 5 headers in 158 bytes (1 switches on core 0)
[pid: 10401|app: 0|req: 8/14] 127.0.0.1 () {58 vars in 1032 bytes} [Thu Oct  7 16:23:09 2021] GET / => generated 179 bytes in 1 msecs (HTTP/1.1 404) 5 headers in 158 bytes (1 switches on core 0)
SIGINT/SIGTERM received...killing workers...
worker 1 buried after 1 seconds
worker 2 buried after 1 seconds
worker 3 buried after 1 seconds
worker 4 buried after 1 seconds
goodbye to uWSGI.
*** Starting uWSGI 2.0.20 (64bit) on [Thu Oct  7 18:29:20 2021] ***
compiled with version: 9.3.0 on 06 October 2021 15:39:04
os: Linux-5.11.0-37-generic #41~20.04.2-Ubuntu SMP Fri Sep 24 09:06:38 UTC 2021
nodename: Aisu-virtual-machine
machine: x86_64
clock source: unix
pcre jit disabled
detected number of CPU cores: 1
current working directory: /home/aisu/Django_项目/tiantianshengxian
writing pidfile to uwsgi.pid
detected binary path: /home/aisu/.virtualenvs/My_djago/bin/uwsgi
chdir() to /home/aisu/Django_项目/tiantianshengxian
your processes number limit is 31477
your memory page size is 4096 bytes
detected max file descriptor number: 1048576
lock engine: pthread robust mutexes
thunder lock: disabled (you can enable it with --thunder-lock)
uwsgi socket 0 bound to TCP address 192.168.106.128:8080 fd 3
Python version: 3.8.10 (default, Sep 28 2021, 16:10:42)  [GCC 9.3.0]
PEP 405 virtualenv detected: /home/aisu/.virtualenvs/My_djago
Set PythonHome to /home/aisu/.virtualenvs/My_djago
Python main interpreter initialized at 0x5620fa601150
python threads support enabled
your server socket listen backlog is limited to 100 connections
your mercy for graceful operations on workers is 60 seconds
mapped 416880 bytes (407 KB) for 8 cores
*** Operational MODE: preforking+threaded ***
WSGI app 0 (mountpoint='') ready in 1 seconds on interpreter 0x5620fa601150 pid: 3511 (default app)
*** uWSGI is running in multiple interpreter mode ***
spawned uWSGI master process (pid: 3511)
spawned uWSGI worker 1 (pid: 3513, cores: 2)
spawned uWSGI worker 2 (pid: 3514, cores: 2)
spawned uWSGI worker 3 (pid: 3515, cores: 2)
spawned uWSGI worker 4 (pid: 3516, cores: 2)
[pid: 3515|app: 0|req: 1/1] 127.0.0.1 () {54 vars in 937 bytes} [Thu Oct  7 18:29:31 2021] GET /favicon.ico => generated 179 bytes in 425 msecs (HTTP/1.1 404) 5 headers in 158 bytes (1 switches on core 0)
[pid: 3513|app: 0|req: 1/2] 127.0.0.1 () {52 vars in 967 bytes} [Thu Oct  7 18:32:48 2021] GET /index => generated 0 bytes in 389 msecs (HTTP/1.1 301) 5 headers in 175 bytes (1 switches on core 0)
/home/aisu/.virtualenvs/My_djago/lib/python3.8/site-packages/django/views/debug.py:420: ExceptionCycleWarning: Cycle in the exception chain detected: exception 'Error 111 connecting to 127.0.0.1:6379. Connection refused.' encountered again.
  warnings.warn(
[pid: 3513|app: 0|req: 2/3] 127.0.0.1 () {52 vars in 969 bytes} [Thu Oct  7 18:32:49 2021] GET /index/ => generated 145 bytes in 134 msecs (HTTP/1.1 500) 6 headers in 184 bytes (1 switches on core 1)
[pid: 3513|app: 0|req: 3/4] 127.0.0.1 () {54 vars in 1000 bytes} [Thu Oct  7 18:33:13 2021] GET /index/ => generated 145 bytes in 23 msecs (HTTP/1.1 500) 6 headers in 184 bytes (1 switches on core 0)
[pid: 3513|app: 0|req: 4/5] 127.0.0.1 () {52 vars in 969 bytes} [Thu Oct  7 18:37:21 2021] GET /index/ => generated 145 bytes in 15 msecs (HTTP/1.1 500) 6 headers in 184 bytes (1 switches on core 1)
*** Starting uWSGI 2.0.20 (64bit) on [Thu Oct  7 18:38:16 2021] ***
compiled with version: 9.3.0 on 06 October 2021 15:39:04
os: Linux-5.11.0-37-generic #41~20.04.2-Ubuntu SMP Fri Sep 24 09:06:38 UTC 2021
nodename: Aisu-virtual-machine
machine: x86_64
clock source: unix
pcre jit disabled
detected number of CPU cores: 1
current working directory: /home/aisu/Django_项目/tiantianshengxian
writing pidfile to uwsgi.pid
detected binary path: /home/aisu/.virtualenvs/My_djago/bin/uwsgi
chdir() to /home/aisu/Django_项目/tiantianshengxian
your processes number limit is 31477
your memory page size is 4096 bytes
detected max file descriptor number: 1048576
lock engine: pthread robust mutexes
thunder lock: disabled (you can enable it with --thunder-lock)
probably another instance of uWSGI is running on the same address (192.168.106.128:8080).
bind(): Address already in use [core/socket.c line 769]
[pid: 3513|app: 0|req: 5/6] 127.0.0.1 () {54 vars in 1000 bytes} [Thu Oct  7 18:38:22 2021] GET /index/ => generated 145 bytes in 18 msecs (HTTP/1.1 500) 6 headers in 184 bytes (1 switches on core 0)
[pid: 3513|app: 0|req: 6/7] 127.0.0.1 () {54 vars in 1000 bytes} [Thu Oct  7 18:38:23 2021] GET /index/ => generated 145 bytes in 11 msecs (HTTP/1.1 500) 6 headers in 184 bytes (1 switches on core 1)
[pid: 3513|app: 0|req: 7/8] 127.0.0.1 () {54 vars in 1000 bytes} [Thu Oct  7 18:38:23 2021] GET /index/ => generated 145 bytes in 17 msecs (HTTP/1.1 500) 6 headers in 184 bytes (1 switches on core 0)
[pid: 3513|app: 0|req: 8/9] 127.0.0.1 () {54 vars in 1000 bytes} [Thu Oct  7 18:44:41 2021] GET /index/ => generated 145 bytes in 19 msecs (HTTP/1.1 500) 6 headers in 184 bytes (1 switches on core 1)
[pid: 3513|app: 0|req: 9/10] 127.0.0.1 () {50 vars in 884 bytes} [Thu Oct  7 18:46:13 2021] GET /favicon.ico => generated 179 bytes in 2 msecs (HTTP/1.1 404) 5 headers in 158 bytes (1 switches on core 0)
[pid: 3513|app: 0|req: 10/11] 127.0.0.1 () {50 vars in 884 bytes} [Thu Oct  7 18:54:25 2021] GET /favicon.ico => generated 179 bytes in 2 msecs (HTTP/1.1 404) 5 headers in 158 bytes (1 switches on core 0)
[pid: 3513|app: 0|req: 11/12] 127.0.0.1 () {54 vars in 1021 bytes} [Thu Oct  7 18:54:30 2021] GET /user/center/ => generated 0 bytes in 34 msecs (HTTP/1.1 302) 7 headers in 224 bytes (1 switches on core 1)
[pid: 3513|app: 0|req: 12/13] 127.0.0.1 () {54 vars in 1056 bytes} [Thu Oct  7 18:54:30 2021] GET /user/login/?next=/user/center/ => generated 2232 bytes in 8 msecs (HTTP/1.1 200) 7 headers in 349 bytes (1 switches on core 0)
[pid: 3515|app: 0|req: 2/14] 127.0.0.1 () {56 vars in 1110 bytes} [Thu Oct  7 18:54:36 2021] GET /user/center/ => generated 0 bytes in 24 msecs (HTTP/1.1 302) 7 headers in 224 bytes (1 switches on core 1)
[pid: 3513|app: 0|req: 13/15] 127.0.0.1 () {56 vars in 1145 bytes} [Thu Oct  7 18:54:36 2021] GET /user/login/?next=/user/center/ => generated 2232 bytes in 2 msecs (HTTP/1.1 200) 7 headers in 349 bytes (1 switches on core 1)
/home/aisu/.virtualenvs/My_djago/lib/python3.8/site-packages/django/views/debug.py:420: ExceptionCycleWarning: Cycle in the exception chain detected: exception 'Error 111 connecting to 127.0.0.1:6379. Connection refused.' encountered again.
  warnings.warn(
[pid: 3515|app: 0|req: 3/16] 127.0.0.1 () {64 vars in 1354 bytes} [Thu Oct  7 18:54:45 2021] POST /user/login/?next=/user/center/ => generated 145 bytes in 191 msecs (HTTP/1.1 500) 6 headers in 184 bytes (1 switches on core 0)
Thu Oct  7 18:59:58 2021 - uWSGI worker 1 screams: UAAAAAAH my master disconnected: i will kill myself !!!
Thu Oct  7 18:59:58 2021 - uWSGI worker 3 screams: UAAAAAAH my master disconnected: i will kill myself !!!
Thu Oct  7 18:59:58 2021 - uWSGI worker 4 screams: UAAAAAAH my master disconnected: i will kill myself !!!
Thu Oct  7 18:59:58 2021 - uWSGI worker 2 screams: UAAAAAAH my master disconnected: i will kill myself !!!
Thu Oct  7 18:59:58 2021 - uWSGI worker 1 screams: UAAAAAAH my master disconnected: i will kill myself !!!
Thu Oct  7 18:59:58 2021 - uWSGI worker 3 screams: UAAAAAAH my master disconnected: i will kill myself !!!
Thu Oct  7 18:59:58 2021 - uWSGI worker 2 screams: UAAAAAAH my master disconnected: i will kill myself !!!
Thu Oct  7 18:59:58 2021 - uWSGI worker 4 screams: UAAAAAAH my master disconnected: i will kill myself !!!
*** Starting uWSGI 2.0.20 (64bit) on [Thu Oct  7 19:00:32 2021] ***
compiled with version: 9.3.0 on 06 October 2021 15:39:04
os: Linux-5.11.0-37-generic #41~20.04.2-Ubuntu SMP Fri Sep 24 09:06:38 UTC 2021
nodename: Aisu-virtual-machine
machine: x86_64
clock source: unix
pcre jit disabled
detected number of CPU cores: 1
current working directory: /home/aisu/Django_项目/tiantianshengxian
writing pidfile to uwsgi.pid
detected binary path: /home/aisu/.virtualenvs/My_djago/bin/uwsgi
chdir() to /home/aisu/Django_项目/tiantianshengxian
your processes number limit is 31477
your memory page size is 4096 bytes
detected max file descriptor number: 1048576
lock engine: pthread robust mutexes
thunder lock: disabled (you can enable it with --thunder-lock)
uwsgi socket 0 bound to TCP address 192.168.106.128:8080 fd 3
Python version: 3.8.10 (default, Sep 28 2021, 16:10:42)  [GCC 9.3.0]
PEP 405 virtualenv detected: /home/aisu/.virtualenvs/My_djago
Set PythonHome to /home/aisu/.virtualenvs/My_djago
Python main interpreter initialized at 0x55a7faa0c150
python threads support enabled
your server socket listen backlog is limited to 100 connections
your mercy for graceful operations on workers is 60 seconds
mapped 416880 bytes (407 KB) for 8 cores
*** Operational MODE: preforking+threaded ***
WSGI app 0 (mountpoint='') ready in 0 seconds on interpreter 0x55a7faa0c150 pid: 3818 (default app)
*** uWSGI is running in multiple interpreter mode ***
spawned uWSGI master process (pid: 3818)
spawned uWSGI worker 1 (pid: 3820, cores: 2)
spawned uWSGI worker 2 (pid: 3821, cores: 2)
spawned uWSGI worker 3 (pid: 3822, cores: 2)
spawned uWSGI worker 4 (pid: 3823, cores: 2)
/home/aisu/.virtualenvs/My_djago/lib/python3.8/site-packages/django/views/debug.py:420: ExceptionCycleWarning: Cycle in the exception chain detected: exception 'Error 111 connecting to 127.0.0.1:6379. Connection refused.' encountered again.
  warnings.warn(
[pid: 3820|app: 0|req: 1/1] 127.0.0.1 () {64 vars in 1354 bytes} [Thu Oct  7 19:00:37 2021] POST /user/login/?next=/user/center/ => generated 145 bytes in 471 msecs (HTTP/1.1 500) 6 headers in 184 bytes (1 switches on core 0)
[pid: 3820|app: 0|req: 2/2] 127.0.0.1 () {54 vars in 1058 bytes} [Thu Oct  7 19:04:59 2021] GET /index/ => generated 145 bytes in 12 msecs (HTTP/1.1 500) 6 headers in 184 bytes (1 switches on core 1)
[pid: 3823|app: 0|req: 1/3] 127.0.0.1 () {56 vars in 1089 bytes} [Thu Oct  7 19:14:31 2021] GET /index/ => generated 9384 bytes in 356 msecs (HTTP/1.1 200) 6 headers in 181 bytes (1 switches on core 0)
[pid: 3823|app: 0|req: 2/4] 127.0.0.1 () {52 vars in 973 bytes} [Thu Oct  7 19:23:54 2021] GET /favicon.ico => generated 179 bytes in 3 msecs (HTTP/1.1 404) 5 headers in 158 bytes (1 switches on core 1)
[pid: 3821|app: 0|req: 1/5] 127.0.0.1 () {56 vars in 1108 bytes} [Thu Oct  7 19:24:04 2021] GET /user/login/ => generated 2232 bytes in 224 msecs (HTTP/1.1 200) 7 headers in 349 bytes (1 switches on core 0)
[pid: 3821|app: 0|req: 2/6] 127.0.0.1 () {64 vars in 1298 bytes} [Thu Oct  7 19:24:13 2021] POST /user/login/ => generated 0 bytes in 433 msecs (HTTP/1.1 302) 10 headers in 606 bytes (1 switches on core 1)
[pid: 3823|app: 0|req: 3/7] 127.0.0.1 () {58 vars in 1203 bytes} [Thu Oct  7 19:24:13 2021] GET /index/ => generated 9393 bytes in 38 msecs (HTTP/1.1 200) 6 headers in 181 bytes (1 switches on core 1)
[pid: 3823|app: 0|req: 4/8] 127.0.0.1 () {56 vars in 1179 bytes} [Thu Oct  7 19:24:18 2021] GET /user/center/ => generated 8270 bytes in 36 msecs (HTTP/1.1 200) 7 headers in 349 bytes (1 switches on core 0)
[pid: 3823|app: 0|req: 5/9] 127.0.0.1 () {56 vars in 1177 bytes} [Thu Oct  7 19:24:21 2021] GET /detail/5 => generated 9715 bytes in 64 msecs (HTTP/1.1 200) 7 headers in 349 bytes (1 switches on core 1)
[pid: 3823|app: 0|req: 6/10] 127.0.0.1 () {60 vars in 1193 bytes} [Thu Oct  7 19:24:23 2021] POST /cart/add/ => generated 66 bytes in 16 msecs (HTTP/1.1 200) 6 headers in 171 bytes (1 switches on core 0)
[pid: 3823|app: 0|req: 7/11] 127.0.0.1 () {56 vars in 1177 bytes} [Thu Oct  7 19:24:25 2021] GET /cart/show/ => generated 14367 bytes in 35 msecs (HTTP/1.1 200) 7 headers in 350 bytes (1 switches on core 1)
[pid: 3823|app: 0|req: 8/12] 127.0.0.1 () {64 vars in 1362 bytes} [Thu Oct  7 19:24:26 2021] POST /order/place/ => generated 5860 bytes in 27 msecs (HTTP/1.1 200) 7 headers in 349 bytes (1 switches on core 0)
Building prefix dict from the default dictionary ...
Dumping model to file cache /tmp/jieba.cache
Loading model cost 1.194 seconds.
Prefix dict has been built successfully.
[pid: 3823|app: 0|req: 9/13] 127.0.0.1 () {60 vars in 1205 bytes} [Thu Oct  7 19:24:29 2021] POST /order/commit/ => generated 60 bytes in 1340 msecs (HTTP/1.1 200) 6 headers in 171 bytes (1 switches on core 1)
[pid: 3823|app: 0|req: 10/14] 127.0.0.1 () {56 vars in 1187 bytes} [Thu Oct  7 19:24:34 2021] GET /user/order/1/ => generated 6520 bytes in 38 msecs (HTTP/1.1 200) 7 headers in 349 bytes (1 switches on core 0)
[pid: 3823|app: 0|req: 11/15] 127.0.0.1 () {56 vars in 1188 bytes} [Thu Oct  7 19:24:36 2021] GET /user/order/5/ => generated 6522 bytes in 23 msecs (HTTP/1.1 200) 7 headers in 349 bytes (1 switches on core 1)
[pid: 3823|app: 0|req: 12/16] 127.0.0.1 () {60 vars in 1200 bytes} [Thu Oct  7 19:24:37 2021] POST /order/pay/ => generated 820 bytes in 186 msecs (HTTP/1.1 200) 6 headers in 172 bytes (1 switches on core 0)
...brutally killing workers...
worker 1 buried after 1 seconds
worker 2 buried after 1 seconds
worker 3 buried after 1 seconds
worker 4 buried after 1 seconds
binary reloading uWSGI...
chdir() to /home/aisu/Django_项目/tiantianshengxian
closing all non-uwsgi socket fds > 2 (max_fd = 1048576)...
found fd 3 mapped to socket 0 (192.168.106.128:8080)
running /home/aisu/.virtualenvs/My_djago/bin/uwsgi
[uWSGI] getting INI configuration from uwsgi.ini
*** Starting uWSGI 2.0.20 (64bit) on [Thu Oct  7 19:26:39 2021] ***
compiled with version: 9.3.0 on 06 October 2021 15:39:04
os: Linux-5.11.0-37-generic #41~20.04.2-Ubuntu SMP Fri Sep 24 09:06:38 UTC 2021
nodename: Aisu-virtual-machine
machine: x86_64
clock source: unix
pcre jit disabled
detected number of CPU cores: 1
current working directory: /home/aisu/Django_项目/tiantianshengxian
detected binary path: /home/aisu/.virtualenvs/My_djago/bin/uwsgi
chdir() to /home/aisu/Django_项目/tiantianshengxian
your processes number limit is 31477
your memory page size is 4096 bytes
detected max file descriptor number: 1048576
lock engine: pthread robust mutexes
thunder lock: disabled (you can enable it with --thunder-lock)
uwsgi socket 0 inherited INET address 192.168.106.128:8080 fd 3
Python version: 3.8.10 (default, Sep 28 2021, 16:10:42)  [GCC 9.3.0]
PEP 405 virtualenv detected: /home/aisu/.virtualenvs/My_djago
Set PythonHome to /home/aisu/.virtualenvs/My_djago
Python main interpreter initialized at 0x5566eceeaa70
python threads support enabled
your server socket listen backlog is limited to 100 connections
your mercy for graceful operations on workers is 60 seconds
mapped 416880 bytes (407 KB) for 8 cores
*** Operational MODE: preforking+threaded ***
WSGI app 0 (mountpoint='') ready in 0 seconds on interpreter 0x5566eceeaa70 pid: 3818 (default app)
*** uWSGI is running in multiple interpreter mode ***
gracefully (RE)spawned uWSGI master process (pid: 3818)
spawned uWSGI worker 1 (pid: 4301, cores: 2)
spawned uWSGI worker 2 (pid: 4302, cores: 2)
spawned uWSGI worker 3 (pid: 4303, cores: 2)
spawned uWSGI worker 4 (pid: 4304, cores: 2)
*** Starting uWSGI 2.0.20 (64bit) on [Thu Oct  7 19:36:03 2021] ***
compiled with version: 9.3.0 on 06 October 2021 15:39:04
os: Linux-5.11.0-37-generic #41~20.04.2-Ubuntu SMP Fri Sep 24 09:06:38 UTC 2021
nodename: Aisu-virtual-machine
machine: x86_64
clock source: unix
pcre jit disabled
detected number of CPU cores: 1
current working directory: /home/aisu/Django_项目/tiantianshengxian
writing pidfile to uwsgi.pid
detected binary path: /home/aisu/.virtualenvs/My_djago/bin/uwsgi
chdir() to /home/aisu/Django_项目/tiantianshengxian
your processes number limit is 31477
your memory page size is 4096 bytes
detected max file descriptor number: 1048576
lock engine: pthread robust mutexes
thunder lock: disabled (you can enable it with --thunder-lock)
uwsgi socket 0 bound to TCP address 192.168.106.128:8080 fd 3
Python version: 3.8.10 (default, Sep 28 2021, 16:10:42)  [GCC 9.3.0]
PEP 405 virtualenv detected: /home/aisu/.virtualenvs/My_djago
Set PythonHome to /home/aisu/.virtualenvs/My_djago
Python main interpreter initialized at 0x563027e70150
python threads support enabled
your server socket listen backlog is limited to 100 connections
your mercy for graceful operations on workers is 60 seconds
mapped 416880 bytes (407 KB) for 8 cores
*** Operational MODE: preforking+threaded ***
WSGI app 0 (mountpoint='') ready in 1 seconds on interpreter 0x563027e70150 pid: 3070 (default app)
*** uWSGI is running in multiple interpreter mode ***
spawned uWSGI master process (pid: 3070)
spawned uWSGI worker 1 (pid: 3072, cores: 2)
spawned uWSGI worker 2 (pid: 3073, cores: 2)
spawned uWSGI worker 3 (pid: 3074, cores: 2)
spawned uWSGI worker 4 (pid: 3075, cores: 2)
[pid: 3072|app: 0|req: 1/1] 127.0.0.1 () {52 vars in 1036 bytes} [Thu Oct  7 19:37:57 2021] GET /favicon.ico => generated 179 bytes in 348 msecs (HTTP/1.1 404) 5 headers in 158 bytes (1 switches on core 0)
[pid: 3072|app: 0|req: 2/2] 127.0.0.1 () {56 vars in 1171 bytes} [Thu Oct  7 19:38:10 2021] GET /user/login/ => generated 2247 bytes in 40 msecs (HTTP/1.1 200) 7 headers in 349 bytes (1 switches on core 1)
[pid: 3072|app: 0|req: 3/3] 127.0.0.1 () {64 vars in 1361 bytes} [Thu Oct  7 19:38:12 2021] POST /user/login/ => generated 0 bytes in 638 msecs (HTTP/1.1 302) 10 headers in 606 bytes (1 switches on core 0)
[pid: 3072|app: 0|req: 4/4] 127.0.0.1 () {58 vars in 1203 bytes} [Thu Oct  7 19:38:13 2021] GET /index/ => generated 9393 bytes in 185 msecs (HTTP/1.1 200) 6 headers in 181 bytes (1 switches on core 1)
[pid: 3072|app: 0|req: 5/5] 127.0.0.1 () {56 vars in 1175 bytes} [Thu Oct  7 19:38:17 2021] GET /cart/show/ => generated 13678 bytes in 16 msecs (HTTP/1.1 200) 7 headers in 350 bytes (1 switches on core 0)
[pid: 3072|app: 0|req: 6/6] 127.0.0.1 () {56 vars in 1185 bytes} [Thu Oct  7 19:38:17 2021] GET /user/order/1/ => generated 6524 bytes in 65 msecs (HTTP/1.1 200) 7 headers in 349 bytes (1 switches on core 1)
[pid: 3072|app: 0|req: 7/7] 127.0.0.1 () {56 vars in 1188 bytes} [Thu Oct  7 19:38:19 2021] GET /user/order/5/ => generated 6526 bytes in 32 msecs (HTTP/1.1 200) 7 headers in 349 bytes (1 switches on core 0)
[pid: 3072|app: 0|req: 8/8] 127.0.0.1 () {60 vars in 1200 bytes} [Thu Oct  7 19:38:20 2021] POST /order/pay/ => generated 822 bytes in 232 msecs (HTTP/1.1 200) 6 headers in 172 bytes (1 switches on core 1)
[pid: 3075|app: 0|req: 2/9] 127.0.0.1 () {56 vars in 1188 bytes} [Thu Oct  7 19:38:20 2021] GET /user/order/5/ => generated 6526 bytes in 663 msecs (HTTP/1.1 200) 7 headers in 349 bytes (1 switches on core 0)
[pid: 3072|app: 0|req: 9/10] 127.0.0.1 () {58 vars in 1219 bytes} [Thu Oct  7 19:39:03 2021] GET /user/order/5/ => generated 6526 bytes in 36 msecs (HTTP/1.1 200) 7 headers in 349 bytes (1 switches on core 0)
[pid: 3075|app: 0|req: 3/11] 127.0.0.1 () {56 vars in 1188 bytes} [Thu Oct  7 19:39:06 2021] GET /user/order/5/ => generated 6526 bytes in 44 msecs (HTTP/1.1 200) 7 headers in 349 bytes (1 switches on core 0)
[pid: 3072|app: 0|req: 10/12] 127.0.0.1 () {60 vars in 1200 bytes} [Thu Oct  7 19:39:06 2021] POST /order/pay/ => generated 810 bytes in 94 msecs (HTTP/1.1 200) 6 headers in 172 bytes (1 switches on core 1)
[pid: 3072|app: 0|req: 11/13] 127.0.0.1 () {56 vars in 1166 bytes} [Thu Oct  7 19:39:10 2021] GET /user/order/5/ => generated 6526 bytes in 27 msecs (HTTP/1.1 200) 7 headers in 349 bytes (1 switches on core 0)
[pid: 3072|app: 0|req: 12/14] 127.0.0.1 () {56 vars in 1188 bytes} [Thu Oct  7 19:39:12 2021] GET /user/order/7/ => generated 6869 bytes in 36 msecs (HTTP/1.1 200) 7 headers in 349 bytes (1 switches on core 1)
[pid: 3072|app: 0|req: 14/15] 127.0.0.1 () {56 vars in 1188 bytes} [Thu Oct  7 19:39:13 2021] GET /user/order/7/ => generated 6869 bytes in 41 msecs (HTTP/1.1 200) 7 headers in 349 bytes (1 switches on core 1)
[pid: 3072|app: 0|req: 14/16] 127.0.0.1 () {60 vars in 1200 bytes} [Thu Oct  7 19:39:13 2021] POST /order/pay/ => generated 817 bytes in 93 msecs (HTTP/1.1 200) 6 headers in 172 bytes (1 switches on core 0)
[pid: 3072|app: 0|req: 15/17] 127.0.0.1 () {56 vars in 1171 bytes} [Thu Oct  7 19:39:38 2021] GET /user/login/ => generated 2247 bytes in 2 msecs (HTTP/1.1 200) 7 headers in 349 bytes (1 switches on core 1)
[pid: 3074|app: 0|req: 1/18] 127.0.0.1 () {64 vars in 1361 bytes} [Thu Oct  7 19:39:39 2021] POST /user/login/ => generated 0 bytes in 571 msecs (HTTP/1.1 302) 10 headers in 606 bytes (1 switches on core 0)
[pid: 3072|app: 0|req: 16/19] 127.0.0.1 () {58 vars in 1203 bytes} [Thu Oct  7 19:39:40 2021] GET /index/ => generated 9393 bytes in 31 msecs (HTTP/1.1 200) 6 headers in 181 bytes (1 switches on core 1)
[pid: 3074|app: 0|req: 2/20] 127.0.0.1 () {56 vars in 1181 bytes} [Thu Oct  7 19:39:43 2021] GET /user/order/1/ => generated 6524 bytes in 130 msecs (HTTP/1.1 200) 7 headers in 349 bytes (1 switches on core 1)
[pid: 3072|app: 0|req: 17/21] 127.0.0.1 () {56 vars in 1188 bytes} [Thu Oct  7 19:39:46 2021] GET /user/order/5/ => generated 6526 bytes in 28 msecs (HTTP/1.1 200) 7 headers in 349 bytes (1 switches on core 0)
[pid: 3072|app: 0|req: 19/22] 127.0.0.1 () {56 vars in 1188 bytes} [Thu Oct  7 19:39:46 2021] GET /user/order/5/ => generated 6526 bytes in 33 msecs (HTTP/1.1 200) 7 headers in 349 bytes (1 switches on core 0)
[pid: 3072|app: 0|req: 19/23] 127.0.0.1 () {60 vars in 1200 bytes} [Thu Oct  7 19:39:46 2021] POST /order/pay/ => generated 816 bytes in 83 msecs (HTTP/1.1 200) 6 headers in 172 bytes (1 switches on core 1)
[pid: 3072|app: 0|req: 21/24] 127.0.0.1 () {56 vars in 1188 bytes} [Thu Oct  7 19:39:48 2021] GET /user/order/5/ => generated 6526 bytes in 34 msecs (HTTP/1.1 200) 7 headers in 349 bytes (1 switches on core 1)
[pid: 3072|app: 0|req: 21/25] 127.0.0.1 () {60 vars in 1200 bytes} [Thu Oct  7 19:39:48 2021] POST /order/pay/ => generated 810 bytes in 81 msecs (HTTP/1.1 200) 6 headers in 172 bytes (1 switches on core 0)
[pid: 3075|app: 0|req: 4/26] 127.0.0.1 () {56 vars in 1188 bytes} [Thu Oct  7 19:39:48 2021] GET /user/order/5/ => generated 6526 bytes in 36 msecs (HTTP/1.1 200) 7 headers in 349 bytes (1 switches on core 0)
[pid: 3072|app: 0|req: 22/27] 127.0.0.1 () {60 vars in 1200 bytes} [Thu Oct  7 19:39:48 2021] POST /order/pay/ => generated 810 bytes in 93 msecs (HTTP/1.1 200) 6 headers in 172 bytes (1 switches on core 1)
[pid: 3072|app: 0|req: 24/28] 127.0.0.1 () {56 vars in 1188 bytes} [Thu Oct  7 19:39:49 2021] GET /user/order/5/ => generated 6526 bytes in 32 msecs (HTTP/1.1 200) 7 headers in 349 bytes (1 switches on core 1)
[pid: 3072|app: 0|req: 24/29] 127.0.0.1 () {60 vars in 1200 bytes} [Thu Oct  7 19:39:49 2021] POST /order/pay/ => generated 814 bytes in 95 msecs (HTTP/1.1 200) 6 headers in 172 bytes (1 switches on core 0)
[pid: 3072|app: 0|req: 25/30] 127.0.0.1 () {56 vars in 1067 bytes} [Thu Oct  7 19:41:38 2021] GET /user/order/5/ => generated 0 bytes in 5 msecs (HTTP/1.1 302) 7 headers in 225 bytes (1 switches on core 1)
[pid: 3072|app: 0|req: 26/31] 127.0.0.1 () {56 vars in 1102 bytes} [Thu Oct  7 19:41:38 2021] GET /user/login/?next=/user/order/5/ => generated 2232 bytes in 3 msecs (HTTP/1.1 200) 7 headers in 349 bytes (1 switches on core 0)
[pid: 3075|app: 0|req: 5/32] 127.0.0.1 () {64 vars in 1357 bytes} [Thu Oct  7 19:41:40 2021] POST /user/login/?next=/user/order/5/ => generated 0 bytes in 213 msecs (HTTP/1.1 302) 10 headers in 604 bytes (1 switches on core 0)
[pid: 3072|app: 0|req: 27/33] 127.0.0.1 () {58 vars in 1218 bytes} [Thu Oct  7 19:41:40 2021] GET /user/order/5/ => generated 6526 bytes in 26 msecs (HTTP/1.1 200) 7 headers in 349 bytes (1 switches on core 0)
[pid: 3072|app: 0|req: 28/34] 127.0.0.1 () {60 vars in 1181 bytes} [Thu Oct  7 19:41:42 2021] POST /order/pay/ => generated 830 bytes in 96 msecs (HTTP/1.1 200) 6 headers in 172 bytes (1 switches on core 1)
[pid: 3073|app: 0|req: 2/35] 127.0.0.1 () {56 vars in 1169 bytes} [Thu Oct  7 19:41:42 2021] GET /user/order/5/ => generated 6526 bytes in 578 msecs (HTTP/1.1 200) 7 headers in 349 bytes (1 switches on core 0)
SIGINT/SIGTERM received...killing workers...
worker 1 buried after 1 seconds
worker 2 buried after 1 seconds
worker 3 buried after 1 seconds
worker 4 buried after 1 seconds
goodbye to uWSGI.
*** Starting uWSGI 2.0.20 (64bit) on [Thu Oct  7 19:45:58 2021] ***
compiled with version: 9.3.0 on 06 October 2021 15:39:04
os: Linux-5.11.0-37-generic #41~20.04.2-Ubuntu SMP Fri Sep 24 09:06:38 UTC 2021
nodename: Aisu-virtual-machine
machine: x86_64
clock source: unix
pcre jit disabled
detected number of CPU cores: 1
current working directory: /home/aisu/Django_项目/tiantianshengxian
writing pidfile to uwsgi.pid
detected binary path: /home/aisu/.virtualenvs/My_djago/bin/uwsgi
chdir() to /home/aisu/Django_项目/tiantianshengxian
your processes number limit is 31477
your memory page size is 4096 bytes
detected max file descriptor number: 1048576
lock engine: pthread robust mutexes
thunder lock: disabled (you can enable it with --thunder-lock)
uwsgi socket 0 bound to TCP address 192.168.106.128:8080 fd 3
Python version: 3.8.10 (default, Sep 28 2021, 16:10:42)  [GCC 9.3.0]
PEP 405 virtualenv detected: /home/aisu/.virtualenvs/My_djago
Set PythonHome to /home/aisu/.virtualenvs/My_djago
Python main interpreter initialized at 0x557deb79f150
python threads support enabled
your server socket listen backlog is limited to 100 connections
your mercy for graceful operations on workers is 60 seconds
mapped 416880 bytes (407 KB) for 8 cores
*** Operational MODE: preforking+threaded ***
WSGI app 0 (mountpoint='') ready in 0 seconds on interpreter 0x557deb79f150 pid: 3155 (default app)
*** uWSGI is running in multiple interpreter mode ***
spawned uWSGI master process (pid: 3155)
spawned uWSGI worker 1 (pid: 3157, cores: 2)
spawned uWSGI worker 2 (pid: 3158, cores: 2)
spawned uWSGI worker 3 (pid: 3159, cores: 2)
spawned uWSGI worker 4 (pid: 3160, cores: 2)
[pid: 3159|app: 0|req: 1/1] 127.0.0.1 () {58 vars in 1200 bytes} [Thu Oct  7 19:46:03 2021] GET /user/order/5/ => generated 6522 bytes in 263 msecs (HTTP/1.1 200) 7 headers in 349 bytes (1 switches on core 0)
[pid: 3159|app: 0|req: 2/2] 127.0.0.1 () {60 vars in 1181 bytes} [Thu Oct  7 19:46:05 2021] POST /order/pay/ => generated 818 bytes in 102 msecs (HTTP/1.1 200) 6 headers in 172 bytes (1 switches on core 1)
[pid: 3157|app: 0|req: 1/3] 127.0.0.1 () {60 vars in 1185 bytes} [Thu Oct  7 19:46:05 2021] POST /order/check/ => generated 48 bytes in 24053 msecs (HTTP/1.1 200) 6 headers in 171 bytes (1 switches on core 0)
[pid: 3157|app: 0|req: 3/4] 127.0.0.1 () {56 vars in 1175 bytes} [Thu Oct  7 19:46:35 2021] GET /user/order/5/ => generated 6522 bytes in 145 msecs (HTTP/1.1 200) 7 headers in 349 bytes (1 switches on core 1)
[pid: 3157|app: 0|req: 3/5] 127.0.0.1 () {54 vars in 1144 bytes} [Thu Oct  7 19:46:35 2021] GET /user/order/5/ => generated 6522 bytes in 133 msecs (HTTP/1.1 200) 7 headers in 349 bytes (1 switches on core 0)
...brutally killing workers...
worker 1 buried after 1 seconds
worker 2 buried after 1 seconds
worker 3 buried after 1 seconds
worker 4 buried after 1 seconds
binary reloading uWSGI...
chdir() to /home/aisu/Django_项目/tiantianshengxian
closing all non-uwsgi socket fds > 2 (max_fd = 1048576)...
found fd 3 mapped to socket 0 (192.168.106.128:8080)
running /home/aisu/.virtualenvs/My_djago/bin/uwsgi
[uWSGI] getting INI configuration from uwsgi.ini
*** Starting uWSGI 2.0.20 (64bit) on [Thu Oct  7 19:50:45 2021] ***
compiled with version: 9.3.0 on 06 October 2021 15:39:04
os: Linux-5.11.0-37-generic #41~20.04.2-Ubuntu SMP Fri Sep 24 09:06:38 UTC 2021
nodename: Aisu-virtual-machine
machine: x86_64
clock source: unix
pcre jit disabled
detected number of CPU cores: 1
current working directory: /home/aisu/Django_项目/tiantianshengxian
detected binary path: /home/aisu/.virtualenvs/My_djago/bin/uwsgi
chdir() to /home/aisu/Django_项目/tiantianshengxian
your processes number limit is 31477
your memory page size is 4096 bytes
detected max file descriptor number: 1048576
lock engine: pthread robust mutexes
thunder lock: disabled (you can enable it with --thunder-lock)
uwsgi socket 0 inherited INET address 192.168.106.128:8080 fd 3
Python version: 3.8.10 (default, Sep 28 2021, 16:10:42)  [GCC 9.3.0]
PEP 405 virtualenv detected: /home/aisu/.virtualenvs/My_djago
Set PythonHome to /home/aisu/.virtualenvs/My_djago
Python main interpreter initialized at 0x562b64883a70
python threads support enabled
your server socket listen backlog is limited to 100 connections
your mercy for graceful operations on workers is 60 seconds
mapped 416880 bytes (407 KB) for 8 cores
*** Operational MODE: preforking+threaded ***
WSGI app 0 (mountpoint='') ready in 1 seconds on interpreter 0x562b64883a70 pid: 3155 (default app)
*** uWSGI is running in multiple interpreter mode ***
gracefully (RE)spawned uWSGI master process (pid: 3155)
spawned uWSGI worker 1 (pid: 3369, cores: 2)
spawned uWSGI worker 2 (pid: 3370, cores: 2)
spawned uWSGI worker 3 (pid: 3371, cores: 2)
spawned uWSGI worker 4 (pid: 3372, cores: 2)
